<?xml version="1.0" encoding="UTF-8"?>
<!-- Generated by org.testng.reporters.JUnitXMLReporter -->
<testsuite hostname="EPRURYAW0060" ignored="0" name="TestNgGroups" tests="8" failures="3" timestamp="16 Mar 2018 09:14:18 GMT" time="0.032" errors="0">
  <testcase name="testTg" time="0.003" classname="com.epam.test.calculator.PositivTest">
    <failure type="org.testng.internal.reflect.MethodMatcherException" message="
Data provider mismatch
Method: testTg([Parameter{index=0, type=double, declaredAnnotations=[@org.testng.annotations.Optional(value=null)]}])
Arguments: [null]">
      <![CDATA[org.testng.internal.reflect.MethodMatcherException: 
Data provider mismatch
Arguments: [null]
at java.util.concurrent.ThreadPoolExecutor.runWorker(ThreadPoolExecutor.java:1149)
at java.util.concurrent.ThreadPoolExecutor$Worker.run(ThreadPoolExecutor.java:624)
at java.lang.Thread.run(Thread.java:748)
... Removed 6 stack frames]]>
    </failure>
  </testcase> <!-- testTg -->
  <testcase name="testCtg" time="0.014" classname="com.epam.test.calculator.PositivTest">
    <failure type="org.testng.internal.reflect.MethodMatcherException" message="
Data provider mismatch
Method: testCtg([Parameter{index=0, type=double, declaredAnnotations=[@org.testng.annotations.Optional(value=null)]}])
Arguments: [null]">
      <![CDATA[org.testng.internal.reflect.MethodMatcherException: 
Data provider mismatch
Arguments: [null]
at java.util.concurrent.ThreadPoolExecutor.runWorker(ThreadPoolExecutor.java:1149)
at java.util.concurrent.ThreadPoolExecutor$Worker.run(ThreadPoolExecutor.java:624)
at java.lang.Thread.run(Thread.java:748)
... Removed 6 stack frames]]>
    </failure>
  </testcase> <!-- testCtg -->
  <testcase name="testSin" time="0.007" classname="com.epam.test.calculator.PositivTest">
    <failure type="org.testng.internal.reflect.MethodMatcherException" message="
Data provider mismatch
Method: testSin([Parameter{index=0, type=double, declaredAnnotations=[@org.testng.annotations.Optional(value=null)]}])
Arguments: [null]">
      <![CDATA[org.testng.internal.reflect.MethodMatcherException: 
Data provider mismatch
Arguments: [null]
at java.util.concurrent.ThreadPoolExecutor.runWorker(ThreadPoolExecutor.java:1149)
at java.util.concurrent.ThreadPoolExecutor$Worker.run(ThreadPoolExecutor.java:624)
at java.lang.Thread.run(Thread.java:748)
... Removed 6 stack frames]]>
    </failure>
  </testcase> <!-- testSin -->
  <testcase name="sumTest" time="0.003" classname="com.epam.test.calculator.PositivTest"/>
  <testcase name="testPow" time="0.003" classname="com.epam.test.calculator.PositivTest"/>
  <testcase name="sumTest" time="0.0" classname="com.epam.test.calculator.PositivTest"/>
  <testcase name="sumTest" time="0.0" classname="com.epam.test.calculator.PositivTest"/>
  <testcase name="sumTest" time="0.0" classname="com.epam.test.calculator.PositivTest"/>
</testsuite> <!-- TestNgGroups -->
